<?xml version="1.0" encoding="UTF-8"?>
<!-- Generated by org.testng.reporters.JUnitReportReporter -->
<testsuite hostname="K539LTRV" failures="0" tests="6" name="com.himalaya.tests.SearchTest" time="8.657" errors="0" timestamp="2024-05-05T20:08:27 IST" skipped="0">
  <testcase classname="com.himalaya.tests.SearchTest" name="testInvalidSearch" time="3.218"/>
  <testcase classname="com.himalaya.tests.SearchTest" name="testInvalidSearch1" time="0.188"/>
  <testcase classname="com.himalaya.tests.SearchTest" name="testNullSearch" time="2.170"/>
  <testcase classname="com.himalaya.tests.SearchTest" name="testNullSearch1" time="0.339"/>
  <testcase classname="com.himalaya.tests.SearchTest" name="testValidSearch" time="2.548"/>
  <testcase classname="com.himalaya.tests.SearchTest" name="testValidSearch1" time="0.194"/>
</testsuite> <!-- com.himalaya.tests.SearchTest -->
