<?xml version="1.0" encoding="UTF-8"?>
<!-- Generated by org.testng.reporters.JUnitReportReporter -->
<testsuite hostname="K539LTRV" failures="0" tests="2" name="com.himalaya.tests.StoreLocatorTest" time="7.542" errors="0" timestamp="2024-05-05T20:19:08 IST" skipped="0">
  <testcase classname="com.himalaya.tests.StoreLocatorTest" name="testStoreLocatorPage" time="3.577"/>
  <testcase classname="com.himalaya.tests.StoreLocatorTest" name="testFilterLocation" time="3.965"/>
</testsuite> <!-- com.himalaya.tests.StoreLocatorTest -->
