<?xml version="1.0" encoding="UTF-8"?>
<!-- Generated by org.testng.reporters.JUnitReportReporter -->
<testsuite hostname="K589LTRV" failures="0" tests="7" name="com.himalaya.tests.CheckoutTest" time="47.264" errors="0" timestamp="2024-05-07T12:54:28 IST" skipped="0">
  <testcase classname="com.himalaya.tests.CheckoutTest" name="ProductAdd" time="8.387"/>
  <testcase classname="com.himalaya.tests.CheckoutTest" name="checkcart" time="8.574"/>
  <testcase classname="com.himalaya.tests.CheckoutTest" name="checkSubmit" time="0.466"/>
  <testcase classname="com.himalaya.tests.CheckoutTest" name="clickSubmitbtn" time="14.499"/>
  <testcase classname="com.himalaya.tests.CheckoutTest" name="nullClickSubmitbtn" time="5.602"/>
  <testcase classname="com.himalaya.tests.CheckoutTest" name="validDatatest" time="9.325"/>
  <testcase classname="com.himalaya.tests.CheckoutTest" name="submitbtn" time="0.411"/>
</testsuite> <!-- com.himalaya.tests.CheckoutTest -->
