<?xml version="1.0" encoding="UTF-8"?>
<!-- Generated by org.testng.reporters.JUnitReportReporter -->
<testsuite hostname="K539LTRV" failures="0" tests="1" name="com.himalaya.tests.ProductTest1" time="3.571" errors="0" timestamp="2024-05-04T09:47:30 IST" skipped="0">
  <testcase classname="com.himalaya.tests.ProductTest1" name="testProduct" time="3.571"/>
</testsuite> <!-- com.himalaya.tests.ProductTest1 -->
