<?xml version="1.0" encoding="UTF-8"?>
<!-- Generated by org.testng.reporters.JUnitReportReporter -->
<testsuite hostname="K539LTRV" failures="0" tests="12" name="com.himalaya.runner.TestRunner1" time="189.947" errors="0" timestamp="2024-05-06T17:57:51 IST" skipped="0">
  <testcase classname="com.himalaya.runner.TestRunner1" name="runScenario" time="13.824"/>
  <testcase classname="com.himalaya.runner.TestRunner1" name="runScenario" time="17.990"/>
  <testcase classname="com.himalaya.runner.TestRunner1" name="runScenario" time="14.714"/>
  <testcase classname="com.himalaya.runner.TestRunner1" name="runScenario" time="32.350"/>
  <testcase classname="com.himalaya.runner.TestRunner1" name="runScenario" time="15.919"/>
  <testcase classname="com.himalaya.runner.TestRunner1" name="runScenario" time="13.955"/>
  <testcase classname="com.himalaya.runner.TestRunner1" name="runScenario" time="13.082"/>
  <testcase classname="com.himalaya.runner.TestRunner1" name="runScenario" time="12.533"/>
  <testcase classname="com.himalaya.runner.TestRunner1" name="runScenario" time="15.040"/>
  <testcase classname="com.himalaya.runner.TestRunner1" name="runScenario" time="13.269"/>
  <testcase classname="com.himalaya.runner.TestRunner1" name="runScenario" time="13.072"/>
  <testcase classname="com.himalaya.runner.TestRunner1" name="runScenario" time="14.199"/>
</testsuite> <!-- com.himalaya.runner.TestRunner1 -->
